<?xml version="1.0" encoding="UTF-8"?>
<!-- Generated by org.testng.reporters.JUnitReportReporter -->
<testsuite hostname="DESKTOP-KVOUA9J" failures="0" tests="1" name="Stanalone.FirstTest" time="5.048" errors="0" timestamp="2023-05-18T00:41:34 IST" skipped="0">
  <testcase classname="Stanalone.FirstTest" name="test1" time="5.048"/>
  <system-out/>
</testsuite> <!-- Stanalone.FirstTest -->
