<?xml version="1.0" encoding="UTF-8"?>
<!-- Generated by org.testng.reporters.JUnitReportReporter -->
<testsuite hostname="LP95" failures="0" tests="2" name="Stanalone.FirstTest" time="28.281" errors="0" timestamp="2023-05-18T16:11:48 IST" skipped="0">
  <testcase classname="Stanalone.FirstTest" name="test2" time="9.069"/>
  <system-out/>
  <testcase classname="Stanalone.FirstTest" name="test1" time="19.212"/>
  <system-out/>
</testsuite> <!-- Stanalone.FirstTest -->
