<?xml version="1.0" encoding="UTF-8"?>
<!-- Generated by org.testng.reporters.JUnitReportReporter -->
<testsuite hostname="LP95" failures="0" tests="1" name="Org.Rivet.FrameworkAutomationHybrid.rt" time="0.001" errors="0" timestamp="2023-05-30T18:05:10 IST" skipped="0">
  <testcase classname="Org.Rivet.FrameworkAutomationHybrid.rt" name="msk" time="0.001"/>
  <system-out/>
</testsuite> <!-- Org.Rivet.FrameworkAutomationHybrid.rt -->
