<?xml version="1.0" encoding="UTF-8"?>
<!-- Generated by org.testng.reporters.JUnitReportReporter -->
<testsuite hostname="LP95" failures="0" tests="2" name="Stanalone.FirstTest" time="18.951" errors="0" timestamp="2023-07-14T15:56:49 IST" skipped="0">
  <testcase classname="Stanalone.FirstTest" name="test3" time="18.948"/>
  <system-out/>
  <testcase classname="Stanalone.FirstTest" name="test4" time="0.003"/>
  <system-out/>
</testsuite> <!-- Stanalone.FirstTest -->
