<?xml version="1.0" encoding="UTF-8"?>
<!-- Generated by org.testng.reporters.JUnitReportReporter -->
<testsuite hostname="LP95" failures="0" tests="2" name="Stanalone.FirstTest" time="26.855" errors="0" timestamp="2023-07-18T17:47:38 IST" skipped="0">
  <testcase classname="Stanalone.FirstTest" name="test3" time="19.688"/>
  <system-out/>
  <testcase classname="Stanalone.FirstTest" name="test4" time="7.167"/>
  <system-out/>
</testsuite> <!-- Stanalone.FirstTest -->
