<?xml version="1.0" encoding="UTF-8"?>
<!-- Generated by org.testng.reporters.JUnitReportReporter -->
<testsuite hostname="LP95" failures="0" tests="1" name="Stanalone.FirstTest" time="14.131" errors="0" timestamp="2023-05-18T15:03:01 IST" skipped="0">
  <testcase classname="Stanalone.FirstTest" name="test1" time="14.131"/>
  <system-out/>
</testsuite> <!-- Stanalone.FirstTest -->
